INFO 2025-04-19 07:05:02,649 utils Note: NumExpr detected 64 cores but "NUMEXPR_MAX_THREADS" not set, so enforcing safe limit of 8.
INFO 2025-04-19 07:05:02,649 utils NumExpr defaulting to 8 threads.
INFO 2025-04-19 07:05:24,666 basehttp "GET /breeze/ HTTP/1.1" 200 29
INFO 2025-04-19 07:05:24,666 basehttp "GET /breeze/ HTTP/1.1" 200 29
WARNING 2025-04-19 07:05:24,780 log Not Found: /favicon.ico
WARNING 2025-04-19 07:05:24,780 log Not Found: /favicon.ico
WARNING 2025-04-19 07:05:24,781 basehttp "GET /favicon.ico HTTP/1.1" 404 3534
WARNING 2025-04-19 07:05:24,781 basehttp "GET /favicon.ico HTTP/1.1" 404 3534
INFO 2025-04-19 07:07:34,892 utils Note: NumExpr detected 64 cores but "NUMEXPR_MAX_THREADS" not set, so enforcing safe limit of 8.
INFO 2025-04-19 07:07:34,892 utils NumExpr defaulting to 8 threads.
INFO 2025-04-19 07:07:47,314 utils Note: NumExpr detected 64 cores but "NUMEXPR_MAX_THREADS" not set, so enforcing safe limit of 8.
INFO 2025-04-19 07:07:47,314 utils NumExpr defaulting to 8 threads.
INFO 2025-04-19 07:08:13,490 utils Note: NumExpr detected 64 cores but "NUMEXPR_MAX_THREADS" not set, so enforcing safe limit of 8.
INFO 2025-04-19 07:08:13,490 utils NumExpr defaulting to 8 threads.
INFO 2025-04-19 07:17:35,982 utils Note: NumExpr detected 64 cores but "NUMEXPR_MAX_THREADS" not set, so enforcing safe limit of 8.
INFO 2025-04-19 07:17:35,982 utils NumExpr defaulting to 8 threads.
DEBUG 2025-04-19 07:17:42,003 connectionpool Starting new HTTPS connection (1): api.icicidirect.com:443
DEBUG 2025-04-19 07:17:42,114 connectionpool https://api.icicidirect.com:443 "GET /breezeapi/api/v1/customerdetails HTTP/1.1" 200 64
ERROR 2025-04-19 07:17:42,152 log Internal Server Error: /breeze/
Traceback (most recent call last):
  File "/home/anupamvm/.local/lib/python3.10/site-packages/breeze_connect/breeze_connect.py", line 806, in api_util
    raise Exception(except_message.APPKEY_INCORRECT.value)
Exception: Could not authenticate credentials. Please check api key.

During handling of the above exception, another exception occurred:

Traceback (most recent call last):
  File "/home/anupamvm/.local/lib/python3.10/site-packages/django/core/handlers/exception.py", line 56, in inner
    response = get_response(request)
  File "/home/anupamvm/.local/lib/python3.10/site-packages/django/core/handlers/base.py", line 197, in _get_response
    response = wrapped_callback(request, *callback_args, **callback_kwargs)
  File "/home/anupamvm/Projects/py/mCube-V2/mcube/breeze/views.py", line 18, in index
    breeze.generate_session(api_secret="l6_(162788u1p629549_)499O158881c",
  File "/home/anupamvm/.local/lib/python3.10/site-packages/breeze_connect/breeze_connect.py", line 857, in generate_session
    self.api_util()
  File "/home/anupamvm/.local/lib/python3.10/site-packages/breeze_connect/breeze_connect.py", line 821, in api_util
    raise Exception(f"Unexpected error: {str(e)}")
Exception: Unexpected error: Could not authenticate credentials. Please check api key.
ERROR 2025-04-19 07:17:42,152 log Internal Server Error: /breeze/
Traceback (most recent call last):
  File "/home/anupamvm/.local/lib/python3.10/site-packages/breeze_connect/breeze_connect.py", line 806, in api_util
    raise Exception(except_message.APPKEY_INCORRECT.value)
Exception: Could not authenticate credentials. Please check api key.

During handling of the above exception, another exception occurred:

Traceback (most recent call last):
  File "/home/anupamvm/.local/lib/python3.10/site-packages/django/core/handlers/exception.py", line 56, in inner
    response = get_response(request)
  File "/home/anupamvm/.local/lib/python3.10/site-packages/django/core/handlers/base.py", line 197, in _get_response
    response = wrapped_callback(request, *callback_args, **callback_kwargs)
  File "/home/anupamvm/Projects/py/mCube-V2/mcube/breeze/views.py", line 18, in index
    breeze.generate_session(api_secret="l6_(162788u1p629549_)499O158881c",
  File "/home/anupamvm/.local/lib/python3.10/site-packages/breeze_connect/breeze_connect.py", line 857, in generate_session
    self.api_util()
  File "/home/anupamvm/.local/lib/python3.10/site-packages/breeze_connect/breeze_connect.py", line 821, in api_util
    raise Exception(f"Unexpected error: {str(e)}")
Exception: Unexpected error: Could not authenticate credentials. Please check api key.
ERROR 2025-04-19 07:17:42,153 basehttp "GET /breeze/ HTTP/1.1" 500 87529
ERROR 2025-04-19 07:17:42,153 basehttp "GET /breeze/ HTTP/1.1" 500 87529
INFO 2025-04-19 07:17:57,447 utils Note: NumExpr detected 64 cores but "NUMEXPR_MAX_THREADS" not set, so enforcing safe limit of 8.
INFO 2025-04-19 07:17:57,447 utils NumExpr defaulting to 8 threads.
INFO 2025-04-19 07:18:02,605 utils Note: NumExpr detected 64 cores but "NUMEXPR_MAX_THREADS" not set, so enforcing safe limit of 8.
INFO 2025-04-19 07:18:02,605 utils NumExpr defaulting to 8 threads.
DEBUG 2025-04-19 07:18:05,857 connectionpool Starting new HTTPS connection (1): api.icicidirect.com:443
DEBUG 2025-04-19 07:18:05,982 connectionpool https://api.icicidirect.com:443 "GET /breezeapi/api/v1/customerdetails HTTP/1.1" 200 64
ERROR 2025-04-19 07:18:06,018 log Internal Server Error: /breeze/
Traceback (most recent call last):
  File "/home/anupamvm/.local/lib/python3.10/site-packages/breeze_connect/breeze_connect.py", line 806, in api_util
    raise Exception(except_message.APPKEY_INCORRECT.value)
Exception: Could not authenticate credentials. Please check api key.

During handling of the above exception, another exception occurred:

Traceback (most recent call last):
  File "/home/anupamvm/.local/lib/python3.10/site-packages/django/core/handlers/exception.py", line 56, in inner
    response = get_response(request)
  File "/home/anupamvm/.local/lib/python3.10/site-packages/django/core/handlers/base.py", line 197, in _get_response
    response = wrapped_callback(request, *callback_args, **callback_kwargs)
  File "/home/anupamvm/Projects/py/mCube-V2/mcube/breeze/views.py", line 18, in index
    breeze.generate_session(api_secret="l6_(162788u1p629549_)499O158881c",
  File "/home/anupamvm/.local/lib/python3.10/site-packages/breeze_connect/breeze_connect.py", line 857, in generate_session
    self.api_util()
  File "/home/anupamvm/.local/lib/python3.10/site-packages/breeze_connect/breeze_connect.py", line 821, in api_util
    raise Exception(f"Unexpected error: {str(e)}")
Exception: Unexpected error: Could not authenticate credentials. Please check api key.
ERROR 2025-04-19 07:18:06,018 log Internal Server Error: /breeze/
Traceback (most recent call last):
  File "/home/anupamvm/.local/lib/python3.10/site-packages/breeze_connect/breeze_connect.py", line 806, in api_util
    raise Exception(except_message.APPKEY_INCORRECT.value)
Exception: Could not authenticate credentials. Please check api key.

During handling of the above exception, another exception occurred:

Traceback (most recent call last):
  File "/home/anupamvm/.local/lib/python3.10/site-packages/django/core/handlers/exception.py", line 56, in inner
    response = get_response(request)
  File "/home/anupamvm/.local/lib/python3.10/site-packages/django/core/handlers/base.py", line 197, in _get_response
    response = wrapped_callback(request, *callback_args, **callback_kwargs)
  File "/home/anupamvm/Projects/py/mCube-V2/mcube/breeze/views.py", line 18, in index
    breeze.generate_session(api_secret="l6_(162788u1p629549_)499O158881c",
  File "/home/anupamvm/.local/lib/python3.10/site-packages/breeze_connect/breeze_connect.py", line 857, in generate_session
    self.api_util()
  File "/home/anupamvm/.local/lib/python3.10/site-packages/breeze_connect/breeze_connect.py", line 821, in api_util
    raise Exception(f"Unexpected error: {str(e)}")
Exception: Unexpected error: Could not authenticate credentials. Please check api key.
ERROR 2025-04-19 07:18:06,019 basehttp "GET /breeze/ HTTP/1.1" 500 87695
ERROR 2025-04-19 07:18:06,019 basehttp "GET /breeze/ HTTP/1.1" 500 87695
INFO 2025-04-19 07:18:23,061 utils Note: NumExpr detected 64 cores but "NUMEXPR_MAX_THREADS" not set, so enforcing safe limit of 8.
INFO 2025-04-19 07:18:23,061 utils NumExpr defaulting to 8 threads.
DEBUG 2025-04-19 07:18:27,970 connectionpool Starting new HTTPS connection (1): api.icicidirect.com:443
DEBUG 2025-04-19 07:18:28,129 connectionpool https://api.icicidirect.com:443 "GET /breezeapi/api/v1/customerdetails HTTP/1.1" 200 585
DEBUG 2025-04-19 07:18:28,131 connectionpool Starting new HTTPS connection (1): traderweb.icicidirect.com:443
DEBUG 2025-04-19 07:18:28,219 connectionpool https://traderweb.icicidirect.com:443 "GET /Content/File/txtFile/ScripFile/StockScriptNew.csv HTTP/1.1" 200 4608311
INFO 2025-04-19 07:18:29,038 basehttp "GET /breeze/ HTTP/1.1" 200 29
INFO 2025-04-19 07:18:29,038 basehttp "GET /breeze/ HTTP/1.1" 200 29
INFO 2025-04-19 07:20:20,631 utils Note: NumExpr detected 64 cores but "NUMEXPR_MAX_THREADS" not set, so enforcing safe limit of 8.
INFO 2025-04-19 07:20:20,631 utils NumExpr defaulting to 8 threads.
DEBUG 2025-04-19 07:20:26,946 connectionpool Starting new HTTPS connection (1): api.icicidirect.com:443
DEBUG 2025-04-19 07:20:27,087 connectionpool https://api.icicidirect.com:443 "GET /breezeapi/api/v1/customerdetails HTTP/1.1" 200 585
DEBUG 2025-04-19 07:20:27,089 connectionpool Starting new HTTPS connection (1): traderweb.icicidirect.com:443
DEBUG 2025-04-19 07:20:27,323 connectionpool https://traderweb.icicidirect.com:443 "GET /Content/File/txtFile/ScripFile/StockScriptNew.csv HTTP/1.1" 200 4608311
DEBUG 2025-04-19 07:20:28,223 connectionpool Starting new HTTPS connection (1): api.icicidirect.com:443
DEBUG 2025-04-19 07:20:28,422 connectionpool https://api.icicidirect.com:443 "GET /breezeapi/api/v1/funds HTTP/1.1" 200 390
INFO 2025-04-19 07:20:28,425 basehttp "GET /breeze/ HTTP/1.1" 200 29
INFO 2025-04-19 07:20:28,425 basehttp "GET /breeze/ HTTP/1.1" 200 29
INFO 2025-04-19 07:29:47,137 utils Note: NumExpr detected 64 cores but "NUMEXPR_MAX_THREADS" not set, so enforcing safe limit of 8.
INFO 2025-04-19 07:29:47,138 utils NumExpr defaulting to 8 threads.
INFO 2025-04-19 07:30:02,098 utils Note: NumExpr detected 64 cores but "NUMEXPR_MAX_THREADS" not set, so enforcing safe limit of 8.
INFO 2025-04-19 07:30:02,098 utils NumExpr defaulting to 8 threads.
DEBUG 2025-04-19 07:30:05,304 connectionpool Starting new HTTPS connection (1): api.icicidirect.com:443
DEBUG 2025-04-19 07:30:05,450 connectionpool https://api.icicidirect.com:443 "GET /breezeapi/api/v1/customerdetails HTTP/1.1" 200 585
DEBUG 2025-04-19 07:30:05,452 connectionpool Starting new HTTPS connection (1): traderweb.icicidirect.com:443
DEBUG 2025-04-19 07:30:05,728 connectionpool https://traderweb.icicidirect.com:443 "GET /Content/File/txtFile/ScripFile/StockScriptNew.csv HTTP/1.1" 200 4608311
DEBUG 2025-04-19 07:30:06,731 connectionpool Starting new HTTPS connection (1): api.icicidirect.com:443
DEBUG 2025-04-19 07:30:07,032 connectionpool https://api.icicidirect.com:443 "GET /breezeapi/api/v1/funds HTTP/1.1" 200 390
DEBUG 2025-04-19 07:30:07,035 connectionpool Starting new HTTPS connection (1): api.icicidirect.com:443
DEBUG 2025-04-19 07:30:07,182 connectionpool https://api.icicidirect.com:443 "GET /breezeapi/api/v1/quotes HTTP/1.1" 200 518
INFO 2025-04-19 07:30:07,186 basehttp "GET /breeze/ HTTP/1.1" 200 29
INFO 2025-04-19 07:30:07,186 basehttp "GET /breeze/ HTTP/1.1" 200 29
INFO 2025-04-19 07:30:32,926 utils Note: NumExpr detected 64 cores but "NUMEXPR_MAX_THREADS" not set, so enforcing safe limit of 8.
INFO 2025-04-19 07:30:32,926 utils NumExpr defaulting to 8 threads.
DEBUG 2025-04-19 07:30:35,763 connectionpool Starting new HTTPS connection (1): api.icicidirect.com:443
DEBUG 2025-04-19 07:30:35,904 connectionpool https://api.icicidirect.com:443 "GET /breezeapi/api/v1/customerdetails HTTP/1.1" 200 585
DEBUG 2025-04-19 07:30:35,907 connectionpool Starting new HTTPS connection (1): traderweb.icicidirect.com:443
DEBUG 2025-04-19 07:30:36,010 connectionpool https://traderweb.icicidirect.com:443 "GET /Content/File/txtFile/ScripFile/StockScriptNew.csv HTTP/1.1" 200 4608311
DEBUG 2025-04-19 07:30:36,762 connectionpool Starting new HTTPS connection (1): api.icicidirect.com:443
DEBUG 2025-04-19 07:30:36,963 connectionpool https://api.icicidirect.com:443 "GET /breezeapi/api/v1/funds HTTP/1.1" 200 390
DEBUG 2025-04-19 07:30:36,966 connectionpool Starting new HTTPS connection (1): api.icicidirect.com:443
DEBUG 2025-04-19 07:30:37,073 connectionpool https://api.icicidirect.com:443 "GET /breezeapi/api/v1/quotes HTTP/1.1" 200 110
INFO 2025-04-19 07:30:37,075 basehttp "GET /breeze/ HTTP/1.1" 200 29
INFO 2025-04-19 07:30:37,075 basehttp "GET /breeze/ HTTP/1.1" 200 29
INFO 2025-04-19 07:31:13,532 utils Note: NumExpr detected 64 cores but "NUMEXPR_MAX_THREADS" not set, so enforcing safe limit of 8.
INFO 2025-04-19 07:31:13,532 utils NumExpr defaulting to 8 threads.
DEBUG 2025-04-19 07:31:17,762 connectionpool Starting new HTTPS connection (1): api.icicidirect.com:443
DEBUG 2025-04-19 07:31:18,045 connectionpool https://api.icicidirect.com:443 "GET /breezeapi/api/v1/customerdetails HTTP/1.1" 200 585
DEBUG 2025-04-19 07:31:18,047 connectionpool Starting new HTTPS connection (1): traderweb.icicidirect.com:443
DEBUG 2025-04-19 07:31:18,125 connectionpool https://traderweb.icicidirect.com:443 "GET /Content/File/txtFile/ScripFile/StockScriptNew.csv HTTP/1.1" 200 4608311
DEBUG 2025-04-19 07:31:18,787 connectionpool Starting new HTTPS connection (1): api.icicidirect.com:443
DEBUG 2025-04-19 07:31:19,023 connectionpool https://api.icicidirect.com:443 "GET /breezeapi/api/v1/funds HTTP/1.1" 200 390
DEBUG 2025-04-19 07:31:19,026 connectionpool Starting new HTTPS connection (1): api.icicidirect.com:443
DEBUG 2025-04-19 07:31:19,156 connectionpool https://api.icicidirect.com:443 "GET /breezeapi/api/v1/quotes HTTP/1.1" 200 110
INFO 2025-04-19 07:31:19,158 basehttp "GET /breeze/ HTTP/1.1" 200 29
INFO 2025-04-19 07:31:19,158 basehttp "GET /breeze/ HTTP/1.1" 200 29
INFO 2025-04-19 07:31:39,371 utils Note: NumExpr detected 64 cores but "NUMEXPR_MAX_THREADS" not set, so enforcing safe limit of 8.
INFO 2025-04-19 07:31:39,371 utils NumExpr defaulting to 8 threads.
INFO 2025-04-19 07:31:59,532 utils Note: NumExpr detected 64 cores but "NUMEXPR_MAX_THREADS" not set, so enforcing safe limit of 8.
INFO 2025-04-19 07:31:59,532 utils NumExpr defaulting to 8 threads.
DEBUG 2025-04-19 07:32:03,248 connectionpool Starting new HTTPS connection (1): api.icicidirect.com:443
DEBUG 2025-04-19 07:32:03,416 connectionpool https://api.icicidirect.com:443 "GET /breezeapi/api/v1/customerdetails HTTP/1.1" 200 585
DEBUG 2025-04-19 07:32:03,418 connectionpool Starting new HTTPS connection (1): traderweb.icicidirect.com:443
DEBUG 2025-04-19 07:32:03,508 connectionpool https://traderweb.icicidirect.com:443 "GET /Content/File/txtFile/ScripFile/StockScriptNew.csv HTTP/1.1" 200 4608311
DEBUG 2025-04-19 07:32:04,262 connectionpool Starting new HTTPS connection (1): api.icicidirect.com:443
DEBUG 2025-04-19 07:32:04,483 connectionpool https://api.icicidirect.com:443 "GET /breezeapi/api/v1/funds HTTP/1.1" 200 390
DEBUG 2025-04-19 07:32:04,486 connectionpool Starting new HTTPS connection (1): api.icicidirect.com:443
DEBUG 2025-04-19 07:32:04,623 connectionpool https://api.icicidirect.com:443 "GET /breezeapi/api/v1/quotes HTTP/1.1" 200 879
INFO 2025-04-19 07:32:04,626 basehttp "GET /breeze/ HTTP/1.1" 200 29
INFO 2025-04-19 07:32:04,626 basehttp "GET /breeze/ HTTP/1.1" 200 29
DEBUG 2025-04-19 07:52:06,480 connectionpool Starting new HTTPS connection (1): api.icicidirect.com:443
DEBUG 2025-04-19 07:52:06,646 connectionpool https://api.icicidirect.com:443 "GET /breezeapi/api/v1/customerdetails HTTP/1.1" 200 585
DEBUG 2025-04-19 07:52:06,648 connectionpool Starting new HTTPS connection (1): traderweb.icicidirect.com:443
DEBUG 2025-04-19 07:52:06,794 connectionpool https://traderweb.icicidirect.com:443 "GET /Content/File/txtFile/ScripFile/StockScriptNew.csv HTTP/1.1" 200 4608311
DEBUG 2025-04-19 07:52:08,942 connectionpool Starting new HTTPS connection (1): api.icicidirect.com:443
DEBUG 2025-04-19 07:52:09,147 connectionpool https://api.icicidirect.com:443 "GET /breezeapi/api/v1/funds HTTP/1.1" 200 390
DEBUG 2025-04-19 07:52:09,150 connectionpool Starting new HTTPS connection (1): api.icicidirect.com:443
DEBUG 2025-04-19 07:52:09,270 connectionpool https://api.icicidirect.com:443 "GET /breezeapi/api/v1/quotes HTTP/1.1" 200 879
INFO 2025-04-19 07:52:09,272 basehttp "GET /breeze/ HTTP/1.1" 200 29
INFO 2025-04-19 07:52:09,272 basehttp "GET /breeze/ HTTP/1.1" 200 29
INFO 2025-04-19 07:52:35,063 utils Note: NumExpr detected 64 cores but "NUMEXPR_MAX_THREADS" not set, so enforcing safe limit of 8.
INFO 2025-04-19 07:52:35,063 utils NumExpr defaulting to 8 threads.
